<?xml version="1.0" encoding="UTF-8"?>
<!-- Generated by org.testng.reporters.JUnitReportReporter -->
<testsuite hostname="MSI" failures="0" tests="2" name="landing.testRunner" time="4.868" errors="0" timestamp="2025-04-20T00:04:15 IST" skipped="0">
  <testcase classname="landing.testRunner" name="runScenario" time="2.790"/>
  <testcase classname="landing.testRunner" name="runScenario" time="2.078"/>
</testsuite> <!-- landing.testRunner -->
